#
# There is insufficient memory for the Java Runtime Environment to continue.
# Native memory allocation (malloc) failed to allocate 159472 bytes for Chunk::new
# Possible reasons:
#   The system is out of physical RAM or swap space
#   The process is running with CompressedOops enabled, and the Java Heap may be blocking the growth of the native heap
# Possible solutions:
#   Reduce memory load on the system
#   Increase physical memory or swap space
#   Check if swap backing store is full
#   Decrease Java heap size (-Xmx/-Xms)
#   Decrease number of Java threads
#   Decrease Java thread stack sizes (-Xss)
#   Set larger code cache with -XX:ReservedCodeCacheSize=
#   JVM is running with Unscaled Compressed Oops mode in which the Java heap is
#     placed in the first 4GB address space. The Java Heap base address is the
#     maximum limit for the native heap growth. Please use -XX:HeapBaseMinAddress
#     to set the Java Heap base and to place the Java Heap above 4GB virtual address.
# This output file may be truncated or incomplete.
#
#  Out of Memory Error (arena.cpp:189), pid=23656, tid=14936
#
# JRE version: Java(TM) SE Runtime Environment (17.0.11+7) (build 17.0.11+7-LTS-207)
# Java VM: Java HotSpot(TM) 64-Bit Server VM (17.0.11+7-LTS-207, mixed mode, sharing, tiered, compressed oops, compressed class ptrs, g1 gc, windows-amd64)
# No core dump will be written. Minidumps are not enabled by default on client versions of Windows
#

---------------  S U M M A R Y ------------

Command Line: -Xmx64m -Xms64m -Dorg.gradle.appname=gradlew org.gradle.wrapper.GradleWrapperMain app:installDebug -PreactNativeDevServerPort=8081

Host: 11th Gen Intel(R) Core(TM) i5-11300H @ 3.10GHz, 8 cores, 7G,  Windows 11 , 64 bit Build 22621 (10.0.22621.3527)
Time: Sat Jun  8 00:27:46 2024 Altai Standard Time elapsed time: 63.491870 seconds (0d 0h 1m 3s)

---------------  T H R E A D  ---------------

Current thread (0x00000247ed56bd60):  JavaThread "C2 CompilerThread0" daemon [_thread_in_native, id=14936, stack(0x000000502fc00000,0x000000502fd00000)]


Current CompileTask:
C2:  63492 1748       4       jdk.internal.reflect.ClassFileAssembler::emitConstantPoolUTF8 (50 bytes)

Stack: [0x000000502fc00000,0x000000502fd00000]
Native frames: (J=compiled Java code, j=interpreted, Vv=VM code, C=native code)
V  [jvm.dll+0x679cca]
V  [jvm.dll+0x7da13d]
V  [jvm.dll+0x7dba83]
V  [jvm.dll+0x7dc0f3]
V  [jvm.dll+0x2449af]
V  [jvm.dll+0xab83b]
V  [jvm.dll+0xabe1c]
V  [jvm.dll+0x3615ae]
V  [jvm.dll+0x32bd61]
V  [jvm.dll+0x32b1fa]
V  [jvm.dll+0x2161df]
V  [jvm.dll+0x21560f]
V  [jvm.dll+0x1a2040]
V  [jvm.dll+0x225a2b]
V  [jvm.dll+0x223bcb]
V  [jvm.dll+0x7903ec]
V  [jvm.dll+0x78a85a]
V  [jvm.dll+0x678bb5]
C  [ucrtbase.dll+0x29333]
C  [KERNEL32.DLL+0x1257d]
C  [ntdll.dll+0x5aa48]


---------------  P R O C E S S  ---------------

Threads class SMR info:
_java_thread_list=0x00000247f23c9d50, length=15, elements={
0x00000247d3dd2260, 0x00000247d3e7d960, 0x00000247d3e7e520, 0x00000247d3e8d0f0,
0x00000247d3e8d9c0, 0x00000247d3e8e380, 0x00000247ed567f30, 0x00000247ed56bd60,
0x00000247ed57fd40, 0x00000247ed580e70, 0x00000247ed7b85a0, 0x00000247ed7bd300,
0x00000247f24ac5f0, 0x00000247f2930ab0, 0x00000247f27f1010
}

Java Threads: ( => current thread )
  0x00000247d3dd2260 JavaThread "main" [_thread_in_Java, id=23508, stack(0x000000502ef00000,0x000000502f000000)]
  0x00000247d3e7d960 JavaThread "Reference Handler" daemon [_thread_blocked, id=2916, stack(0x000000502f600000,0x000000502f700000)]
  0x00000247d3e7e520 JavaThread "Finalizer" daemon [_thread_blocked, id=24068, stack(0x000000502f700000,0x000000502f800000)]
  0x00000247d3e8d0f0 JavaThread "Signal Dispatcher" daemon [_thread_blocked, id=2000, stack(0x000000502f800000,0x000000502f900000)]
  0x00000247d3e8d9c0 JavaThread "Attach Listener" daemon [_thread_blocked, id=11984, stack(0x000000502f900000,0x000000502fa00000)]
  0x00000247d3e8e380 JavaThread "Service Thread" daemon [_thread_blocked, id=23396, stack(0x000000502fa00000,0x000000502fb00000)]
  0x00000247ed567f30 JavaThread "Monitor Deflation Thread" daemon [_thread_blocked, id=20872, stack(0x000000502fb00000,0x000000502fc00000)]
=>0x00000247ed56bd60 JavaThread "C2 CompilerThread0" daemon [_thread_in_native, id=14936, stack(0x000000502fc00000,0x000000502fd00000)]
  0x00000247ed57fd40 JavaThread "C1 CompilerThread0" daemon [_thread_blocked, id=15116, stack(0x000000502fd00000,0x000000502fe00000)]
  0x00000247ed580e70 JavaThread "Sweeper thread" daemon [_thread_blocked, id=19980, stack(0x000000502fe00000,0x000000502ff00000)]
  0x00000247ed7b85a0 JavaThread "Notification Thread" daemon [_thread_blocked, id=5212, stack(0x000000502ff00000,0x0000005030000000)]
  0x00000247ed7bd300 JavaThread "Common-Cleaner" daemon [_thread_blocked, id=17716, stack(0x0000005030100000,0x0000005030200000)]
  0x00000247f24ac5f0 JavaThread "pool-1-thread-1" [_thread_blocked, id=14648, stack(0x0000005030700000,0x0000005030800000)]
  0x00000247f2930ab0 JavaThread "DisconnectableInputStream source reader" daemon [_thread_in_native, id=24340, stack(0x0000005030900000,0x0000005030a00000)]
  0x00000247f27f1010 JavaThread "Forward input" [_thread_blocked, id=14180, stack(0x0000005030a00000,0x0000005030b00000)]

Other Threads:
  0x00000247d3e796b0 VMThread "VM Thread" [stack: 0x000000502f500000,0x000000502f600000] [id=13720]
  0x00000247d3e17470 WatcherThread [stack: 0x0000005030000000,0x0000005030100000] [id=6200]
  0x00000247d3df3180 GCTaskThread "GC Thread#0" [stack: 0x000000502f000000,0x000000502f100000] [id=1456]
  0x00000247f28dfcc0 GCTaskThread "GC Thread#1" [stack: 0x0000005030300000,0x0000005030400000] [id=8432]
  0x00000247f26fe4c0 GCTaskThread "GC Thread#2" [stack: 0x0000005030400000,0x0000005030500000] [id=13880]
  0x00000247f20b8080 GCTaskThread "GC Thread#3" [stack: 0x0000005030500000,0x0000005030600000] [id=17052]
  0x00000247f20b8340 GCTaskThread "GC Thread#4" [stack: 0x0000005030600000,0x0000005030700000] [id=5264]
  0x00000247d3df48d0 ConcurrentGCThread "G1 Main Marker" [stack: 0x000000502f100000,0x000000502f200000] [id=11516]
  0x00000247d3df52e0 ConcurrentGCThread "G1 Conc#0" [stack: 0x000000502f200000,0x000000502f300000] [id=22908]
  0x00000247d3e59e70 ConcurrentGCThread "G1 Refine#0" [stack: 0x000000502f300000,0x000000502f400000] [id=24348]
  0x00000247d3e5c8b0 ConcurrentGCThread "G1 Service" [stack: 0x000000502f400000,0x000000502f500000] [id=20992]

Threads with active compile tasks:
C2 CompilerThread0    63514 1748       4       jdk.internal.reflect.ClassFileAssembler::emitConstantPoolUTF8 (50 bytes)

VM state: not at safepoint (normal execution)

VM Mutex/Monitor currently owned by a thread: None

Heap address: 0x00000000fc000000, size: 64 MB, Compressed Oops mode: 32-bit

CDS archive(s) mapped at: [0x0000024780000000-0x0000024780bd0000-0x0000024780bd0000), size 12386304, SharedBaseAddress: 0x0000024780000000, ArchiveRelocationMode: 1.
Compressed class space mapped at: 0x0000024781000000-0x00000247c1000000, reserved size: 1073741824
Narrow klass base: 0x0000024780000000, Narrow klass shift: 0, Narrow klass range: 0x100000000

GC Precious Log:
 CPUs: 8 total, 8 available
 Memory: 7987M
 Large Page Support: Disabled
 NUMA Support: Disabled
 Compressed Oops: Enabled (32-bit)
 Heap Region Size: 1M
 Heap Min Capacity: 64M
 Heap Initial Capacity: 64M
 Heap Max Capacity: 64M
 Pre-touch: Disabled
 Parallel Workers: 8
 Concurrent Workers: 2
 Concurrent Refinement Workers: 8
 Periodic GC: Disabled

Heap:
 garbage-first heap   total 65536K, used 31296K [0x00000000fc000000, 0x0000000100000000)
  region size 1024K, 24 young (24576K), 3 survivors (3072K)
 Metaspace       used 9608K, committed 9856K, reserved 1114112K
  class space    used 1249K, committed 1344K, reserved 1048576K

Heap Regions: E=young(eden), S=young(survivor), O=old, HS=humongous(starts), HC=humongous(continues), CS=collection set, F=free, OA=open archive, CA=closed archive, TAMS=top-at-mark-start (previous, next)
|   0|0x00000000fc000000, 0x00000000fc100000, 0x00000000fc100000|100%|HS|  |TAMS 0x00000000fc000000, 0x00000000fc000000| Complete 
|   1|0x00000000fc100000, 0x00000000fc200000, 0x00000000fc200000|100%|HC|  |TAMS 0x00000000fc100000, 0x00000000fc100000| Complete 
|   2|0x00000000fc200000, 0x00000000fc300000, 0x00000000fc300000|100%|HC|  |TAMS 0x00000000fc200000, 0x00000000fc200000| Complete 
|   3|0x00000000fc300000, 0x00000000fc400000, 0x00000000fc400000|100%|HC|  |TAMS 0x00000000fc300000, 0x00000000fc300000| Complete 
|   4|0x00000000fc400000, 0x00000000fc500000, 0x00000000fc500000|100%| O|  |TAMS 0x00000000fc400000, 0x00000000fc400000| Untracked 
|   5|0x00000000fc500000, 0x00000000fc600000, 0x00000000fc600000|100%| O|  |TAMS 0x00000000fc500000, 0x00000000fc500000| Untracked 
|   6|0x00000000fc600000, 0x00000000fc700000, 0x00000000fc700000|100%| O|  |TAMS 0x00000000fc600000, 0x00000000fc600000| Untracked 
|   7|0x00000000fc700000, 0x00000000fc790000, 0x00000000fc800000| 56%| O|  |TAMS 0x00000000fc700000, 0x00000000fc700000| Untracked 
|   8|0x00000000fc800000, 0x00000000fc800000, 0x00000000fc900000|  0%| F|  |TAMS 0x00000000fc800000, 0x00000000fc800000| Untracked 
|   9|0x00000000fc900000, 0x00000000fc900000, 0x00000000fca00000|  0%| F|  |TAMS 0x00000000fc900000, 0x00000000fc900000| Untracked 
|  10|0x00000000fca00000, 0x00000000fca00000, 0x00000000fcb00000|  0%| F|  |TAMS 0x00000000fca00000, 0x00000000fca00000| Untracked 
|  11|0x00000000fcb00000, 0x00000000fcb00000, 0x00000000fcc00000|  0%| F|  |TAMS 0x00000000fcb00000, 0x00000000fcb00000| Untracked 
|  12|0x00000000fcc00000, 0x00000000fcc00000, 0x00000000fcd00000|  0%| F|  |TAMS 0x00000000fcc00000, 0x00000000fcc00000| Untracked 
|  13|0x00000000fcd00000, 0x00000000fcd00000, 0x00000000fce00000|  0%| F|  |TAMS 0x00000000fcd00000, 0x00000000fcd00000| Untracked 
|  14|0x00000000fce00000, 0x00000000fce00000, 0x00000000fcf00000|  0%| F|  |TAMS 0x00000000fce00000, 0x00000000fce00000| Untracked 
|  15|0x00000000fcf00000, 0x00000000fcf00000, 0x00000000fd000000|  0%| F|  |TAMS 0x00000000fcf00000, 0x00000000fcf00000| Untracked 
|  16|0x00000000fd000000, 0x00000000fd000000, 0x00000000fd100000|  0%| F|  |TAMS 0x00000000fd000000, 0x00000000fd000000| Untracked 
|  17|0x00000000fd100000, 0x00000000fd100000, 0x00000000fd200000|  0%| F|  |TAMS 0x00000000fd100000, 0x00000000fd100000| Untracked 
|  18|0x00000000fd200000, 0x00000000fd200000, 0x00000000fd300000|  0%| F|  |TAMS 0x00000000fd200000, 0x00000000fd200000| Untracked 
|  19|0x00000000fd300000, 0x00000000fd300000, 0x00000000fd400000|  0%| F|  |TAMS 0x00000000fd300000, 0x00000000fd300000| Untracked 
|  20|0x00000000fd400000, 0x00000000fd400000, 0x00000000fd500000|  0%| F|  |TAMS 0x00000000fd400000, 0x00000000fd400000| Untracked 
|  21|0x00000000fd500000, 0x00000000fd500000, 0x00000000fd600000|  0%| F|  |TAMS 0x00000000fd500000, 0x00000000fd500000| Untracked 
|  22|0x00000000fd600000, 0x00000000fd600000, 0x00000000fd700000|  0%| F|  |TAMS 0x00000000fd600000, 0x00000000fd600000| Untracked 
|  23|0x00000000fd700000, 0x00000000fd700000, 0x00000000fd800000|  0%| F|  |TAMS 0x00000000fd700000, 0x00000000fd700000| Untracked 
|  24|0x00000000fd800000, 0x00000000fd800000, 0x00000000fd900000|  0%| F|  |TAMS 0x00000000fd800000, 0x00000000fd800000| Untracked 
|  25|0x00000000fd900000, 0x00000000fd900000, 0x00000000fda00000|  0%| F|  |TAMS 0x00000000fd900000, 0x00000000fd900000| Untracked 
|  26|0x00000000fda00000, 0x00000000fda00000, 0x00000000fdb00000|  0%| F|  |TAMS 0x00000000fda00000, 0x00000000fda00000| Untracked 
|  27|0x00000000fdb00000, 0x00000000fdb00000, 0x00000000fdc00000|  0%| F|  |TAMS 0x00000000fdb00000, 0x00000000fdb00000| Untracked 
|  28|0x00000000fdc00000, 0x00000000fdc00000, 0x00000000fdd00000|  0%| F|  |TAMS 0x00000000fdc00000, 0x00000000fdc00000| Untracked 
|  29|0x00000000fdd00000, 0x00000000fdd00000, 0x00000000fde00000|  0%| F|  |TAMS 0x00000000fdd00000, 0x00000000fdd00000| Untracked 
|  30|0x00000000fde00000, 0x00000000fde00000, 0x00000000fdf00000|  0%| F|  |TAMS 0x00000000fde00000, 0x00000000fde00000| Untracked 
|  31|0x00000000fdf00000, 0x00000000fdf00000, 0x00000000fe000000|  0%| F|  |TAMS 0x00000000fdf00000, 0x00000000fdf00000| Untracked 
|  32|0x00000000fe000000, 0x00000000fe000000, 0x00000000fe100000|  0%| F|  |TAMS 0x00000000fe000000, 0x00000000fe000000| Untracked 
|  33|0x00000000fe100000, 0x00000000fe100000, 0x00000000fe200000|  0%| F|  |TAMS 0x00000000fe100000, 0x00000000fe100000| Untracked 
|  34|0x00000000fe200000, 0x00000000fe200000, 0x00000000fe300000|  0%| F|  |TAMS 0x00000000fe200000, 0x00000000fe200000| Untracked 
|  35|0x00000000fe300000, 0x00000000fe300000, 0x00000000fe400000|  0%| F|  |TAMS 0x00000000fe300000, 0x00000000fe300000| Untracked 
|  36|0x00000000fe400000, 0x00000000fe400000, 0x00000000fe500000|  0%| F|  |TAMS 0x00000000fe400000, 0x00000000fe400000| Untracked 
|  37|0x00000000fe500000, 0x00000000fe500000, 0x00000000fe600000|  0%| F|  |TAMS 0x00000000fe500000, 0x00000000fe500000| Untracked 
|  38|0x00000000fe600000, 0x00000000fe700000, 0x00000000fe700000|100%| S|CS|TAMS 0x00000000fe600000, 0x00000000fe600000| Complete 
|  39|0x00000000fe700000, 0x00000000fe800000, 0x00000000fe800000|100%| S|CS|TAMS 0x00000000fe700000, 0x00000000fe700000| Complete 
|  40|0x00000000fe800000, 0x00000000fe900000, 0x00000000fe900000|100%| S|CS|TAMS 0x00000000fe800000, 0x00000000fe800000| Complete 
|  41|0x00000000fe900000, 0x00000000fe900000, 0x00000000fea00000|  0%| F|  |TAMS 0x00000000fe900000, 0x00000000fe900000| Untracked 
|  42|0x00000000fea00000, 0x00000000fea00000, 0x00000000feb00000|  0%| F|  |TAMS 0x00000000fea00000, 0x00000000fea00000| Untracked 
|  43|0x00000000feb00000, 0x00000000feb71570, 0x00000000fec00000| 44%| E|  |TAMS 0x00000000feb00000, 0x00000000feb00000| Complete 
|  44|0x00000000fec00000, 0x00000000fed00000, 0x00000000fed00000|100%| E|CS|TAMS 0x00000000fec00000, 0x00000000fec00000| Complete 
|  45|0x00000000fed00000, 0x00000000fee00000, 0x00000000fee00000|100%| E|CS|TAMS 0x00000000fed00000, 0x00000000fed00000| Complete 
|  46|0x00000000fee00000, 0x00000000fef00000, 0x00000000fef00000|100%| E|CS|TAMS 0x00000000fee00000, 0x00000000fee00000| Complete 
|  47|0x00000000fef00000, 0x00000000ff000000, 0x00000000ff000000|100%| E|CS|TAMS 0x00000000fef00000, 0x00000000fef00000| Complete 
|  48|0x00000000ff000000, 0x00000000ff100000, 0x00000000ff100000|100%| E|CS|TAMS 0x00000000ff000000, 0x00000000ff000000| Complete 
|  49|0x00000000ff100000, 0x00000000ff200000, 0x00000000ff200000|100%| E|CS|TAMS 0x00000000ff100000, 0x00000000ff100000| Complete 
|  50|0x00000000ff200000, 0x00000000ff300000, 0x00000000ff300000|100%| E|CS|TAMS 0x00000000ff200000, 0x00000000ff200000| Complete 
|  51|0x00000000ff300000, 0x00000000ff400000, 0x00000000ff400000|100%| E|CS|TAMS 0x00000000ff300000, 0x00000000ff300000| Complete 
|  52|0x00000000ff400000, 0x00000000ff500000, 0x00000000ff500000|100%| E|CS|TAMS 0x00000000ff400000, 0x00000000ff400000| Complete 
|  53|0x00000000ff500000, 0x00000000ff600000, 0x00000000ff600000|100%| E|CS|TAMS 0x00000000ff500000, 0x00000000ff500000| Complete 
|  54|0x00000000ff600000, 0x00000000ff700000, 0x00000000ff700000|100%| E|CS|TAMS 0x00000000ff600000, 0x00000000ff600000| Complete 
|  55|0x00000000ff700000, 0x00000000ff800000, 0x00000000ff800000|100%| E|CS|TAMS 0x00000000ff700000, 0x00000000ff700000| Complete 
|  56|0x00000000ff800000, 0x00000000ff900000, 0x00000000ff900000|100%| E|CS|TAMS 0x00000000ff800000, 0x00000000ff800000| Complete 
|  57|0x00000000ff900000, 0x00000000ffa00000, 0x00000000ffa00000|100%| E|CS|TAMS 0x00000000ff900000, 0x00000000ff900000| Complete 
|  58|0x00000000ffa00000, 0x00000000ffb00000, 0x00000000ffb00000|100%| E|CS|TAMS 0x00000000ffa00000, 0x00000000ffa00000| Complete 
|  59|0x00000000ffb00000, 0x00000000ffc00000, 0x00000000ffc00000|100%| E|CS|TAMS 0x00000000ffb00000, 0x00000000ffb00000| Complete 
|  60|0x00000000ffc00000, 0x00000000ffd00000, 0x00000000ffd00000|100%| E|CS|TAMS 0x00000000ffc00000, 0x00000000ffc00000| Complete 
|  61|0x00000000ffd00000, 0x00000000ffe00000, 0x00000000ffe00000|100%| E|CS|TAMS 0x00000000ffd00000, 0x00000000ffd00000| Complete 
|  62|0x00000000ffe00000, 0x00000000fff00000, 0x00000000fff00000|100%| E|CS|TAMS 0x00000000ffe00000, 0x00000000ffe00000| Complete 
|  63|0x00000000fff00000, 0x0000000100000000, 0x0000000100000000|100%| E|CS|TAMS 0x00000000fff00000, 0x00000000fff00000| Complete 

Card table byte_map: [0x00000247d1d70000,0x00000247d1d90000] _byte_map_base: 0x00000247d1590000

Marking Bits (Prev, Next): (CMBitMap*) 0x00000247d3df37a0, (CMBitMap*) 0x00000247d3df37e0
 Prev Bits: [0x00000247ea9b0000, 0x00000247eaab0000)
 Next Bits: [0x00000247eaab0000, 0x00000247eabb0000)

Polling page: 0x00000247d1d20000

Metaspace:

Usage:
  Non-class:      8.16 MB used.
      Class:      1.22 MB used.
       Both:      9.38 MB used.

Virtual space:
  Non-class space:       64.00 MB reserved,       8.31 MB ( 13%) committed,  1 nodes.
      Class space:        1.00 GB reserved,       1.31 MB ( <1%) committed,  1 nodes.
             Both:        1.06 GB reserved,       9.62 MB ( <1%) committed. 

Chunk freelists:
   Non-Class:  6.80 MB
       Class:  14.62 MB
        Both:  21.41 MB

MaxMetaspaceSize: unlimited
CompressedClassSpaceSize: 1.00 GB
Initial GC threshold: 21.00 MB
Current GC threshold: 21.00 MB
CDS: on
MetaspaceReclaimPolicy: balanced
 - commit_granule_bytes: 65536.
 - commit_granule_words: 8192.
 - virtual_space_node_default_size: 8388608.
 - enlarge_chunks_in_place: 1.
 - new_chunks_are_fully_committed: 0.
 - uncommit_free_chunks: 1.
 - use_allocation_guard: 0.
 - handle_deallocations: 1.


Internal statistics:

num_allocs_failed_limit: 0.
num_arena_births: 130.
num_arena_deaths: 0.
num_vsnodes_births: 2.
num_vsnodes_deaths: 0.
num_space_committed: 154.
num_space_uncommitted: 0.
num_chunks_returned_to_freelist: 0.
num_chunks_taken_from_freelist: 404.
num_chunk_merges: 0.
num_chunk_splits: 259.
num_chunks_enlarged: 187.
num_inconsistent_stats: 0.

CodeHeap 'non-profiled nmethods': size=120000Kb used=634Kb max_used=634Kb free=119365Kb
 bounds [0x00000247e3150000, 0x00000247e33c0000, 0x00000247ea680000]
CodeHeap 'profiled nmethods': size=120000Kb used=3408Kb max_used=3408Kb free=116591Kb
 bounds [0x00000247db680000, 0x00000247db9e0000, 0x00000247e2bb0000]
CodeHeap 'non-nmethods': size=5760Kb used=1182Kb max_used=1205Kb free=4578Kb
 bounds [0x00000247e2bb0000, 0x00000247e2e20000, 0x00000247e3150000]
 total_blobs=2231 nmethods=1765 adapters=379
 compilation: enabled
              stopped_count=0, restarted_count=0
 full_count=0

Compilation events (20 events):
Event: 63.464 Thread 0x00000247ed57fd40 nmethod 1739 0x00000247db9c5f10 code [0x00000247db9c60a0, 0x00000247db9c6218]
Event: 63.464 Thread 0x00000247ed57fd40 1740       3       java.lang.Class$Atomic::casReflectionData (13 bytes)
Event: 63.464 Thread 0x00000247ed57fd40 nmethod 1740 0x00000247db9c6310 code [0x00000247db9c64a0, 0x00000247db9c65f8]
Event: 63.468 Thread 0x00000247ed57fd40 1741       3       jdk.internal.reflect.ClassFileAssembler::getLength (11 bytes)
Event: 63.468 Thread 0x00000247ed57fd40 nmethod 1741 0x00000247db9c6690 code [0x00000247db9c6840, 0x00000247db9c6a18]
Event: 63.468 Thread 0x00000247ed57fd40 1742       3       java.security.AccessController::executePrivileged (65 bytes)
Event: 63.469 Thread 0x00000247ed57fd40 nmethod 1742 0x00000247db9c6b10 code [0x00000247db9c6ce0, 0x00000247db9c6fd8]
Event: 63.471 Thread 0x00000247ed56bd60 1743       4       jdk.internal.reflect.UTF8::utf8Length (81 bytes)
Event: 63.471 Thread 0x00000247ed57fd40 1744       3       jdk.internal.reflect.ClassFileAssembler::incStack (11 bytes)
Event: 63.471 Thread 0x00000247ed57fd40 nmethod 1744 0x00000247db9c7110 code [0x00000247db9c72a0, 0x00000247db9c7458]
Event: 63.471 Thread 0x00000247ed57fd40 1745       3       java.lang.Class::searchMethods (104 bytes)
Event: 63.472 Thread 0x00000247ed57fd40 nmethod 1745 0x00000247db9c7510 code [0x00000247db9c7780, 0x00000247db9c8288]
Event: 63.472 Thread 0x00000247ed57fd40 1746       3       java.io.ObjectStreamField::isPrimitive (23 bytes)
Event: 63.472 Thread 0x00000247ed57fd40 nmethod 1746 0x00000247db9c8710 code [0x00000247db9c8900, 0x00000247db9c8e88]
Event: 63.473 Thread 0x00000247ed56bd60 nmethod 1743 0x00000247e31ece90 code [0x00000247e31ed020, 0x00000247e31ed1c8]
Event: 63.477 Thread 0x00000247ed56bd60 1747   !   4       jdk.internal.reflect.UTF8::encode (191 bytes)
Event: 63.478 Thread 0x00000247ed57fd40 1749       3       java.security.AccessController::doPrivileged (9 bytes)
Event: 63.478 Thread 0x00000247ed57fd40 nmethod 1749 0x00000247db9c9090 code [0x00000247db9c9260, 0x00000247db9c9598]
Event: 63.482 Thread 0x00000247ed56bd60 nmethod 1747 0x00000247e31ed390 code [0x00000247e31ed540, 0x00000247e31ed978]
Event: 63.482 Thread 0x00000247ed56bd60 1748       4       jdk.internal.reflect.ClassFileAssembler::emitConstantPoolUTF8 (50 bytes)

GC Heap History (2 events):
Event: 0.748 GC heap before
{Heap before GC invocations=0 (full 0):
 garbage-first heap   total 65536K, used 26624K [0x00000000fc000000, 0x0000000100000000)
  region size 1024K, 23 young (23552K), 0 survivors (0K)
 Metaspace       used 3642K, committed 3776K, reserved 1114112K
  class space    used 442K, committed 512K, reserved 1048576K
}
Event: 0.756 GC heap after
{Heap after GC invocations=1 (full 0):
 garbage-first heap   total 65536K, used 10816K [0x00000000fc000000, 0x0000000100000000)
  region size 1024K, 3 young (3072K), 3 survivors (3072K)
 Metaspace       used 3642K, committed 3776K, reserved 1114112K
  class space    used 442K, committed 512K, reserved 1048576K
}

Deoptimization events (20 events):
Event: 1.419 Thread 0x00000247d3dd2260 Uncommon trap: trap_request=0xffffff45 fr.pc=0x00000247e319ad60 relative=0x00000000000006a0
Event: 1.419 Thread 0x00000247d3dd2260 Uncommon trap: reason=unstable_if action=reinterpret pc=0x00000247e319ad60 method=java.lang.AbstractStringBuilder.append(Ljava/lang/String;)Ljava/lang/AbstractStringBuilder; @ 1 c2
Event: 1.419 Thread 0x00000247d3dd2260 DEOPT PACKING pc=0x00000247e319ad60 sp=0x000000502effc410
Event: 1.419 Thread 0x00000247d3dd2260 DEOPT UNPACKING pc=0x00000247e2c05ba3 sp=0x000000502effc3f8 mode 2
Event: 1.512 Thread 0x00000247d3dd2260 Uncommon trap: trap_request=0xffffff45 fr.pc=0x00000247e319f2f4 relative=0x0000000000000414
Event: 1.512 Thread 0x00000247d3dd2260 Uncommon trap: reason=unstable_if action=reinterpret pc=0x00000247e319f2f4 method=java.util.regex.Matcher.match(II)Z @ 76 c2
Event: 1.512 Thread 0x00000247d3dd2260 DEOPT PACKING pc=0x00000247e319f2f4 sp=0x000000502effb710
Event: 1.512 Thread 0x00000247d3dd2260 DEOPT UNPACKING pc=0x00000247e2c05ba3 sp=0x000000502effb6c8 mode 2
Event: 62.818 Thread 0x00000247d3dd2260 Uncommon trap: trap_request=0xffffff45 fr.pc=0x00000247e31d7904 relative=0x0000000000000564
Event: 62.818 Thread 0x00000247d3dd2260 Uncommon trap: reason=unstable_if action=reinterpret pc=0x00000247e31d7904 method=com.esotericsoftware.kryo.io.Input.readUtf8(I)V @ 79 c2
Event: 62.818 Thread 0x00000247d3dd2260 DEOPT PACKING pc=0x00000247e31d7904 sp=0x000000502effc100
Event: 62.819 Thread 0x00000247d3dd2260 DEOPT UNPACKING pc=0x00000247e2c05ba3 sp=0x000000502effc098 mode 2
Event: 62.869 Thread 0x00000247f24ac5f0 Uncommon trap: trap_request=0xffffff45 fr.pc=0x00000247e31e17ec relative=0x00000000000023ac
Event: 62.869 Thread 0x00000247f24ac5f0 Uncommon trap: reason=unstable_if action=reinterpret pc=0x00000247e31e17ec method=org.gradle.internal.logging.text.AbstractLineChoppingStyledTextOutput$2.execute(Lorg/gradle/internal/logging/text/AbstractLineChoppingStyledTextOutput$StateContext;)V @ 34 c
Event: 62.869 Thread 0x00000247f24ac5f0 DEOPT PACKING pc=0x00000247e31e17ec sp=0x00000050307fe710
Event: 62.869 Thread 0x00000247f24ac5f0 DEOPT UNPACKING pc=0x00000247e2c05ba3 sp=0x00000050307fe5a8 mode 2
Event: 62.870 Thread 0x00000247f24ac5f0 Uncommon trap: trap_request=0xffffff45 fr.pc=0x00000247e31d97a0 relative=0x0000000000000520
Event: 62.870 Thread 0x00000247f24ac5f0 Uncommon trap: reason=unstable_if action=reinterpret pc=0x00000247e31d97a0 method=org.gradle.internal.logging.text.AbstractLineChoppingStyledTextOutput$2.execute(Lorg/gradle/internal/logging/text/AbstractLineChoppingStyledTextOutput$StateContext;)V @ 34 c
Event: 62.870 Thread 0x00000247f24ac5f0 DEOPT PACKING pc=0x00000247e31d97a0 sp=0x00000050307fe700
Event: 62.870 Thread 0x00000247f24ac5f0 DEOPT UNPACKING pc=0x00000247e2c05ba3 sp=0x00000050307fe598 mode 2

Classes unloaded (0 events):
No events

Classes redefined (0 events):
No events

Internal exceptions (20 events):
Event: 0.787 Thread 0x00000247d3dd2260 Exception <a 'java/lang/NoSuchMethodError'{0x00000000fffdcde8}: 'java.lang.Object java.lang.invoke.DirectMethodHandle$Holder.invokeStatic(java.lang.Object, java.lang.Object, int)'> (0x00000000fffdcde8) 
thrown [s\open\src\hotspot\share\interpreter\linkResolver.cpp, line 759]
Event: 0.790 Thread 0x00000247d3dd2260 Exception <a 'java/lang/NoSuchMethodError'{0x00000000ffe04868}: 'void java.lang.invoke.DelegatingMethodHandle$Holder.delegate(java.lang.Object, java.lang.Object, int, java.lang.Object)'> (0x00000000ffe04868) 
thrown [s\open\src\hotspot\share\interpreter\linkResolver.cpp, line 759]
Event: 0.790 Thread 0x00000247d3dd2260 Exception <a 'java/lang/NoSuchMethodError'{0x00000000ffe08a30}: 'int java.lang.invoke.DirectMethodHandle$Holder.invokeSpecial(java.lang.Object, java.lang.Object, java.lang.Object)'> (0x00000000ffe08a30) 
thrown [s\open\src\hotspot\share\interpreter\linkResolver.cpp, line 759]
Event: 0.793 Thread 0x00000247d3dd2260 Exception <a 'java/lang/NoSuchMethodError'{0x00000000ffe1bb78}: 'java.lang.Object java.lang.invoke.Invokers$Holder.invokeExact_MT(java.lang.Object, java.lang.Object, java.lang.Object, java.lang.Object)'> (0x00000000ffe1bb78) 
thrown [s\open\src\hotspot\share\interpreter\linkResolver.cpp, line 759]
Event: 0.945 Thread 0x00000247d3dd2260 Exception <a 'java/lang/NoSuchMethodError'{0x00000000ff97d990}: 'void java.lang.invoke.DirectMethodHandle$Holder.invokeSpecial(java.lang.Object, java.lang.Object, java.lang.Object)'> (0x00000000ff97d990) 
thrown [s\open\src\hotspot\share\interpreter\linkResolver.cpp, line 759]
Event: 0.957 Thread 0x00000247d3dd2260 Implicit null exception at 0x00000247e31ab98c to 0x00000247e31abed0
Event: 0.957 Thread 0x00000247d3dd2260 Implicit null exception at 0x00000247e319058f to 0x00000247e3190ad8
Event: 0.992 Thread 0x00000247d3dd2260 Exception <a 'java/lang/NoSuchMethodError'{0x00000000ff8d99d8}: 'java.lang.Object java.lang.invoke.DirectMethodHandle$Holder.invokeStaticInit(java.lang.Object)'> (0x00000000ff8d99d8) 
thrown [s\open\src\hotspot\share\interpreter\linkResolver.cpp, line 759]
Event: 1.029 Thread 0x00000247d3dd2260 Exception <a 'java/lang/NoSuchMethodError'{0x00000000ff775b68}: 'int java.lang.invoke.DirectMethodHandle$Holder.invokeVirtual(java.lang.Object, java.lang.Object, java.lang.Object)'> (0x00000000ff775b68) 
thrown [s\open\src\hotspot\share\interpreter\linkResolver.cpp, line 759]
Event: 1.041 Thread 0x00000247d3dd2260 Exception <a 'java/lang/NoSuchMethodError'{0x00000000ff7b8250}: 'java.lang.Object java.lang.invoke.DirectMethodHandle$Holder.invokeVirtual(java.lang.Object, java.lang.Object, java.lang.Object)'> (0x00000000ff7b8250) 
thrown [s\open\src\hotspot\share\interpreter\linkResolver.cpp, line 759]
Event: 1.101 Thread 0x00000247d3dd2260 Exception <a 'java/lang/NoSuchMethodError'{0x00000000ff332870}: 'java.lang.Object java.lang.invoke.DirectMethodHandle$Holder.invokeStaticInit(java.lang.Object, int, int, int, int)'> (0x00000000ff332870) 
thrown [s\open\src\hotspot\share\interpreter\linkResolver.cpp, line 759]
Event: 1.186 Thread 0x00000247d3dd2260 Exception <a 'java/lang/NoSuchMethodError'{0x00000000ff3855a8}: 'java.lang.Object java.lang.invoke.DirectMethodHandle$Holder.invokeStaticInit(java.lang.Object, java.lang.Object, int, int, int, int)'> (0x00000000ff3855a8) 
thrown [s\open\src\hotspot\share\interpreter\linkResolver.cpp, line 759]
Event: 1.397 Thread 0x00000247d3dd2260 Exception <a 'java/lang/NoSuchMethodError'{0x00000000ff3b49d0}: 'void java.lang.invoke.DirectMethodHandle$Holder.invokeStatic(java.lang.Object, java.lang.Object, java.lang.Object)'> (0x00000000ff3b49d0) 
thrown [s\open\src\hotspot\share\interpreter\linkResolver.cpp, line 759]
Event: 1.418 Thread 0x00000247d3dd2260 Implicit null exception at 0x00000247e3183672 to 0x00000247e3183cb0
Event: 1.419 Thread 0x00000247d3dd2260 Implicit null exception at 0x00000247e319a6f2 to 0x00000247e319ad48
Event: 63.449 Thread 0x00000247d3dd2260 Exception <a 'java/lang/NoSuchMethodError'{0x00000000fec485e0}: static Lorg/gradle/tooling/internal/provider/serialization/ClassLoaderDetails;.<clinit>()V> (0x00000000fec485e0) 
thrown [s\open\src\hotspot\share\prims\jni.cpp, line 1112]
Event: 63.462 Thread 0x00000247d3dd2260 Exception <a 'java/lang/NoSuchMethodError'{0x00000000fec55ec0}: static Lorg/gradle/internal/classloader/ClassLoaderSpec;.<clinit>()V> (0x00000000fec55ec0) 
thrown [s\open\src\hotspot\share\prims\jni.cpp, line 1112]
Event: 63.463 Thread 0x00000247d3dd2260 Exception <a 'java/lang/NoSuchMethodError'{0x00000000fec61028}: static Lorg/gradle/tooling/internal/provider/serialization/WellKnownClassLoaderRegistry$KnownClassLoaderSpec;.<clinit>()V> (0x00000000fec61028) 
thrown [s\open\src\hotspot\share\prims\jni.cpp, line 1112]
Event: 63.469 Thread 0x00000247d3dd2260 Exception <a 'java/lang/NoSuchMethodError'{0x00000000fecb3090}: static Lorg/gradle/internal/classloader/ClassLoaderSpec;.<clinit>()V> (0x00000000fecb3090) 
thrown [s\open\src\hotspot\share\prims\jni.cpp, line 1112]
Event: 63.472 Thread 0x00000247d3dd2260 Exception <a 'java/lang/NoSuchMethodError'{0x00000000fecc4628}: static Lorg/gradle/internal/classloader/VisitableURLClassLoader$Spec;.<clinit>()V> (0x00000000fecc4628) 
thrown [s\open\src\hotspot\share\prims\jni.cpp, line 1112]

VM Operations (20 events):
Event: 49.583 Executing VM operation: Cleanup
Event: 49.583 Executing VM operation: Cleanup done
Event: 51.594 Executing VM operation: Cleanup
Event: 51.594 Executing VM operation: Cleanup done
Event: 52.608 Executing VM operation: Cleanup
Event: 52.608 Executing VM operation: Cleanup done
Event: 53.611 Executing VM operation: Cleanup
Event: 53.611 Executing VM operation: Cleanup done
Event: 54.623 Executing VM operation: Cleanup
Event: 54.623 Executing VM operation: Cleanup done
Event: 60.123 Executing VM operation: HandshakeAllThreads
Event: 60.133 Executing VM operation: HandshakeAllThreads done
Event: 60.133 Executing VM operation: Cleanup
Event: 60.164 Executing VM operation: Cleanup done
Event: 61.164 Executing VM operation: Cleanup
Event: 61.181 Executing VM operation: Cleanup done
Event: 62.183 Executing VM operation: Cleanup
Event: 62.183 Executing VM operation: Cleanup done
Event: 63.188 Executing VM operation: Cleanup
Event: 63.188 Executing VM operation: Cleanup done

Events (20 events):
Event: 63.392 loading class java/util/HashMap$UnsafeHolder
Event: 63.393 loading class java/util/HashMap$UnsafeHolder done
Event: 63.445 loading class java/io/ObjectStreamClass$1
Event: 63.445 loading class java/io/ObjectStreamClass$1 done
Event: 63.445 loading class java/io/DataOutputStream
Event: 63.446 loading class java/io/DataOutputStream done
Event: 63.447 loading class java/io/ObjectStreamClass$MemberSignature
Event: 63.448 loading class java/io/ObjectStreamClass$MemberSignature done
Event: 63.448 loading class java/io/ObjectStreamClass$3
Event: 63.448 loading class java/io/ObjectStreamClass$3 done
Event: 63.449 loading class java/io/ObjectStreamClass$4
Event: 63.450 loading class java/io/ObjectStreamClass$4 done
Event: 63.450 loading class java/io/ObjectStreamClass$5
Event: 63.450 loading class java/io/ObjectStreamClass$5 done
Event: 63.475 loading class java/net/UrlDeserializedState
Event: 63.476 loading class java/net/UrlDeserializedState done
Event: 63.476 loading class jdk/internal/reflect/UnsafeQualifiedStaticObjectFieldAccessorImpl
Event: 63.477 loading class jdk/internal/reflect/UnsafeQualifiedStaticObjectFieldAccessorImpl done
Event: 63.478 loading class java/net/Proxy
Event: 63.480 loading class java/net/Proxy done


Dynamic libraries:
0x00007ff64f9c0000 - 0x00007ff64f9d0000 	C:\Program Files\Java\jdk-17\bin\java.exe
0x00007ffcd8a90000 - 0x00007ffcd8ca7000 	C:\WINDOWS\SYSTEM32\ntdll.dll
0x00007ffcd7d60000 - 0x00007ffcd7e24000 	C:\WINDOWS\System32\KERNEL32.DLL
0x00007ffcd6160000 - 0x00007ffcd6507000 	C:\WINDOWS\System32\KERNELBASE.dll
0x00007ffcd6510000 - 0x00007ffcd6621000 	C:\WINDOWS\System32\ucrtbase.dll
0x00007ffcbfa10000 - 0x00007ffcbfa2b000 	C:\Program Files\Java\jdk-17\bin\VCRUNTIME140.dll
0x00007ffcc4900000 - 0x00007ffcc4919000 	C:\Program Files\Java\jdk-17\bin\jli.dll
0x00007ffcd6c70000 - 0x00007ffcd6d22000 	C:\WINDOWS\System32\ADVAPI32.dll
0x00007ffcd89a0000 - 0x00007ffcd8a47000 	C:\WINDOWS\System32\msvcrt.dll
0x00007ffcd8220000 - 0x00007ffcd82c8000 	C:\WINDOWS\System32\sechost.dll
0x00007ffcd6720000 - 0x00007ffcd6748000 	C:\WINDOWS\System32\bcrypt.dll
0x00007ffcd84e0000 - 0x00007ffcd85f5000 	C:\WINDOWS\System32\RPCRT4.dll
0x00007ffcd8330000 - 0x00007ffcd84de000 	C:\WINDOWS\System32\USER32.dll
0x00007ffcb90f0000 - 0x00007ffcb9383000 	C:\WINDOWS\WinSxS\amd64_microsoft.windows.common-controls_6595b64144ccf1df_6.0.22621.3527_none_270e469b73872a76\COMCTL32.dll
0x00007ffcd6630000 - 0x00007ffcd6656000 	C:\WINDOWS\System32\win32u.dll
0x00007ffcd6c40000 - 0x00007ffcd6c69000 	C:\WINDOWS\System32\GDI32.dll
0x00007ffcd6040000 - 0x00007ffcd6159000 	C:\WINDOWS\System32\gdi32full.dll
0x00007ffcd5e30000 - 0x00007ffcd5eca000 	C:\WINDOWS\System32\msvcp_win.dll
0x00007ffcd2e30000 - 0x00007ffcd2e3a000 	C:\WINDOWS\SYSTEM32\VERSION.dll
0x00007ffcd82d0000 - 0x00007ffcd8301000 	C:\WINDOWS\System32\IMM32.DLL
0x00007ffcc8de0000 - 0x00007ffcc8dec000 	C:\Program Files\Java\jdk-17\bin\vcruntime140_1.dll
0x00007ffc8f150000 - 0x00007ffc8f1de000 	C:\Program Files\Java\jdk-17\bin\msvcp140.dll
0x00007ffc83370000 - 0x00007ffc83f50000 	C:\Program Files\Java\jdk-17\bin\server\jvm.dll
0x00007ffcd6d30000 - 0x00007ffcd6d38000 	C:\WINDOWS\System32\PSAPI.DLL
0x00007ffca5190000 - 0x00007ffca5199000 	C:\WINDOWS\SYSTEM32\WSOCK32.dll
0x00007ffcc9b10000 - 0x00007ffcc9b44000 	C:\WINDOWS\SYSTEM32\WINMM.dll
0x00007ffcd8150000 - 0x00007ffcd81c1000 	C:\WINDOWS\System32\WS2_32.dll
0x00007ffcd4e90000 - 0x00007ffcd4ea8000 	C:\WINDOWS\SYSTEM32\kernel.appcore.dll
0x00007ffcc8dd0000 - 0x00007ffcc8dda000 	C:\Program Files\Java\jdk-17\bin\jimage.dll
0x00007ffcd31f0000 - 0x00007ffcd3422000 	C:\WINDOWS\SYSTEM32\DBGHELP.DLL
0x00007ffcd79c0000 - 0x00007ffcd7d48000 	C:\WINDOWS\System32\combase.dll
0x00007ffcd7780000 - 0x00007ffcd7857000 	C:\WINDOWS\System32\OLEAUT32.dll
0x00007ffcc9d90000 - 0x00007ffcc9dc2000 	C:\WINDOWS\SYSTEM32\dbgcore.DLL
0x00007ffcd5db0000 - 0x00007ffcd5e29000 	C:\WINDOWS\System32\bcryptPrimitives.dll
0x00007ffcc49b0000 - 0x00007ffcc49d5000 	C:\Program Files\Java\jdk-17\bin\java.dll
0x00007ffc89160000 - 0x00007ffc89237000 	C:\Program Files\Java\jdk-17\bin\jsvml.dll
0x00007ffcd6e50000 - 0x00007ffcd76ac000 	C:\WINDOWS\System32\SHELL32.dll
0x00007ffcd3cb0000 - 0x00007ffcd45a6000 	C:\WINDOWS\SYSTEM32\windows.storage.dll
0x00007ffcd3b70000 - 0x00007ffcd3cae000 	C:\WINDOWS\SYSTEM32\wintypes.dll
0x00007ffcd6d50000 - 0x00007ffcd6e45000 	C:\WINDOWS\System32\SHCORE.dll
0x00007ffcd7960000 - 0x00007ffcd79be000 	C:\WINDOWS\System32\shlwapi.dll
0x00007ffcd5ce0000 - 0x00007ffcd5d01000 	C:\WINDOWS\SYSTEM32\profapi.dll
0x00007ffcbef50000 - 0x00007ffcbef69000 	C:\Program Files\Java\jdk-17\bin\net.dll
0x00007ffccf3d0000 - 0x00007ffccf506000 	C:\WINDOWS\SYSTEM32\WINHTTP.dll
0x00007ffcd5330000 - 0x00007ffcd5399000 	C:\WINDOWS\system32\mswsock.dll
0x00007ffcc1910000 - 0x00007ffcc1926000 	C:\Program Files\Java\jdk-17\bin\nio.dll
0x00007ffcbfca0000 - 0x00007ffcbfcb8000 	C:\Program Files\Java\jdk-17\bin\zip.dll
0x00007ffcd2dc0000 - 0x00007ffcd2dd0000 	C:\Program Files\Java\jdk-17\bin\verify.dll
0x00007ffc878e0000 - 0x00007ffc87907000 	C:\Users\ADMIN\.gradle\native\c067742578af261105cb4f569cf0c3c89f3d7b1fecec35dd04571415982c5e48\windows-amd64\native-platform.dll
0x00007ffcbfad0000 - 0x00007ffcbfada000 	C:\Program Files\Java\jdk-17\bin\management.dll
0x00007ffcbfa00000 - 0x00007ffcbfa0b000 	C:\Program Files\Java\jdk-17\bin\management_ext.dll
0x00007ffcd5590000 - 0x00007ffcd55ab000 	C:\WINDOWS\SYSTEM32\CRYPTSP.dll
0x00007ffcd4df0000 - 0x00007ffcd4e25000 	C:\WINDOWS\system32\rsaenh.dll
0x00007ffcd5430000 - 0x00007ffcd5458000 	C:\WINDOWS\SYSTEM32\USERENV.dll
0x00007ffcd55b0000 - 0x00007ffcd55bc000 	C:\WINDOWS\SYSTEM32\CRYPTBASE.dll
0x00007ffcd48c0000 - 0x00007ffcd48ed000 	C:\WINDOWS\SYSTEM32\IPHLPAPI.DLL
0x00007ffcd6d40000 - 0x00007ffcd6d49000 	C:\WINDOWS\System32\NSI.dll
0x00007ffccd310000 - 0x00007ffccd329000 	C:\WINDOWS\SYSTEM32\dhcpcsvc6.DLL
0x00007ffccd2c0000 - 0x00007ffccd2df000 	C:\WINDOWS\SYSTEM32\dhcpcsvc.DLL
0x00007ffcd48f0000 - 0x00007ffcd49e8000 	C:\WINDOWS\SYSTEM32\DNSAPI.dll
0x00007ffcc1820000 - 0x00007ffcc182e000 	C:\Program Files\Java\jdk-17\bin\sunmscapi.dll
0x00007ffcd5ed0000 - 0x00007ffcd6038000 	C:\WINDOWS\System32\CRYPT32.dll
0x00007ffcd5730000 - 0x00007ffcd575e000 	C:\WINDOWS\SYSTEM32\ncrypt.dll
0x00007ffcd56f0000 - 0x00007ffcd5727000 	C:\WINDOWS\SYSTEM32\NTASN1.dll
0x00007ffcc94f0000 - 0x00007ffcc94f8000 	C:\WINDOWS\system32\wshunix.dll

dbghelp: loaded successfully - version: 4.0.5 - missing functions: none
symbol engine: initialized successfully - sym options: 0x614 - pdb path: .;C:\Program Files\Java\jdk-17\bin;C:\WINDOWS\SYSTEM32;C:\WINDOWS\WinSxS\amd64_microsoft.windows.common-controls_6595b64144ccf1df_6.0.22621.3527_none_270e469b73872a76;C:\Program Files\Java\jdk-17\bin\server;C:\Users\ADMIN\.gradle\native\c067742578af261105cb4f569cf0c3c89f3d7b1fecec35dd04571415982c5e48\windows-amd64

VM Arguments:
jvm_args: -Xmx64m -Xms64m -Dorg.gradle.appname=gradlew 
java_command: org.gradle.wrapper.GradleWrapperMain app:installDebug -PreactNativeDevServerPort=8081
java_class_path (initial): C:\Users\ADMIN\Desktop\EventHub1\EventHub\android\\gradle\wrapper\gradle-wrapper.jar
Launcher Type: SUN_STANDARD

[Global flags]
     intx CICompilerCount                          = 4                                         {product} {ergonomic}
     uint ConcGCThreads                            = 2                                         {product} {ergonomic}
     uint G1ConcRefinementThreads                  = 8                                         {product} {ergonomic}
   size_t G1HeapRegionSize                         = 1048576                                   {product} {ergonomic}
    uintx GCDrainStackTargetSize                   = 64                                        {product} {ergonomic}
   size_t InitialHeapSize                          = 67108864                                  {product} {command line}
   size_t MarkStackSize                            = 4194304                                   {product} {ergonomic}
   size_t MaxHeapSize                              = 67108864                                  {product} {command line}
   size_t MaxNewSize                               = 39845888                                  {product} {ergonomic}
   size_t MinHeapDeltaBytes                        = 1048576                                   {product} {ergonomic}
   size_t MinHeapSize                              = 67108864                                  {product} {command line}
    uintx NonNMethodCodeHeapSize                   = 5839372                                {pd product} {ergonomic}
    uintx NonProfiledCodeHeapSize                  = 122909434                              {pd product} {ergonomic}
    uintx ProfiledCodeHeapSize                     = 122909434                              {pd product} {ergonomic}
    uintx ReservedCodeCacheSize                    = 251658240                              {pd product} {ergonomic}
     bool SegmentedCodeCache                       = true                                      {product} {ergonomic}
   size_t SoftMaxHeapSize                          = 67108864                               {manageable} {ergonomic}
     bool UseCompressedClassPointers               = true                           {product lp64_product} {ergonomic}
     bool UseCompressedOops                        = true                           {product lp64_product} {ergonomic}
     bool UseG1GC                                  = true                                      {product} {ergonomic}
     bool UseLargePagesIndividualAllocation        = false                                  {pd product} {ergonomic}

Logging:
Log output configuration:
 #0: stdout all=warning uptime,level,tags
 #1: stderr all=off uptime,level,tags

Environment Variables:
JAVA_HOME=C:\Program Files\Java\jdk-17
CLASSPATH=C:\Users\ADMIN\Desktop\EventHub1\EventHub\android\\gradle\wrapper\gradle-wrapper.jar
PATH=C:\Users\ADMIN\Desktop\EventHub1\EventHub\node_modules\.bin;C:\Users\ADMIN\Desktop\EventHub1\EventHub\node_modules\.bin;C:\Users\ADMIN\Desktop\EventHub1\node_modules\.bin;C:\Users\ADMIN\Desktop\node_modules\.bin;C:\Users\ADMIN\node_modules\.bin;C:\Users\node_modules\.bin;C:\node_modules\.bin;C:\Users\ADMIN\AppData\Roaming\npm\node_modules\npm\node_modules\@npmcli\run-script\lib\node-gyp-bin;C:\Users\ADMIN\AppData\Local\Temp\yarn--1717779118644-0.6856953802715657;C:\Users\ADMIN\Desktop\EventHub1\EventHub\node_modules\.bin;C:\Users\ADMIN\AppData\Local\Yarn\Data\link\node_modules\.bin;C:\Users\ADMIN\AppData\Local\Yarn\bin;C:\Program Files\libexec\lib\node_modules\npm\bin\node-gyp-bin;C:\Program Files\lib\node_modules\npm\bin\node-gyp-bin;C:\Program Files\nodejs\node_modules\npm\bin\node-gyp-bin;C:\Program Files\PowerShell\7;C:\Program Files\Common Files\Oracle\Java\javapath;C:\Program Files (x86)\Common Files\Oracle\Java\javapath;C:\Windows\system32;C:\Windows;C:\Windows\System32\Wbem;C:\Windows\System32\WindowsPowerShell\v1.0\;C:\Users\ADMIN\AppData\Local\Android\Sdk\platform-tools;C:\Windows\System32\OpenSSH\;C:\Program Files (x86)\NVIDIA Corporation\PhysX\Common;C:\Program Files\NVIDIA Corporation\NVIDIA NvDLISR;C:\WINDOWS\system32;C:\WINDOWS;C:\WINDOWS\System32\Wbem;C:\WINDOWS\System32\WindowsPowerShell\v1.0\;C:\WINDOWS\System32\OpenSSH\;C:\Program Files (x86)\Microsoft SQL Server\150\DTS\Binn\;C:\Program Files (x86)\Microsoft SQL Server\150\Tools\Binn\;C:\Program Files\Microsoft SQL Server\150\Tools\Binn\;C:\Program Files\Microsoft SQL Server\150\DTS\Binn\;C:\Program Files\Microsoft SQL Server\Client SDK\ODBC\170\Tools\Binn\;C:\Program Files (x86)\GitExtensions\;C:\Program Files\Git\cmd;C:\Program Files\MongoDB\Server\6.0\bin;C:\Users\ADMIN\AppData\Local\Pub\Cache\bin;C:\Program Files\nodejs\;C:\Program Files\Docker\Docker\resources\bin;C:\Program Files\PowerShell\7\;C:\Program Files\Java\jdk-17\bin;C:\Program Files\OpenSSL-Win64\bin;C:\Users\ADMIN\AppData\Local
USERNAME=ADMIN
LANG=en_US.UTF-8
OS=Windows_NT
PROCESSOR_IDENTIFIER=Intel64 Family 6 Model 140 Stepping 1, GenuineIntel



---------------  S Y S T E M  ---------------

OS:
 Windows 11 , 64 bit Build 22621 (10.0.22621.3527)
OS uptime: 0 days 17:24 hours
Hyper-V role detected

CPU: total 8 (initial active 8) (4 cores per cpu, 2 threads per core) family 6 model 140 stepping 1 microcode 0x86, cx8, cmov, fxsr, ht, mmx, 3dnowpref, sse, sse2, sse3, ssse3, sse4.1, sse4.2, popcnt, lzcnt, tsc, tscinvbit, avx, avx2, aes, erms, clmul, bmi1, bmi2, adx, avx512f, avx512dq, avx512cd, avx512bw, avx512vl, sha, fma, vzeroupper, avx512_vpopcntdq, avx512_vpclmulqdq, avx512_vaes, avx512_vnni, clflush, clflushopt, clwb, avx512_vbmi2, avx512_vbmi, hv

Memory: 4k page, system-wide physical 7987M (14M free)
TotalPageFile size 24583M (AvailPageFile size 1M)
current process WorkingSet (physical memory assigned to process): 36M, peak: 91M
current process commit charge ("private bytes"): 167M, peak: 168M

vm_info: Java HotSpot(TM) 64-Bit Server VM (17.0.11+7-LTS-207) for windows-amd64 JRE (17.0.11+7-LTS-207), built on Mar 11 2024 19:01:50 by "mach5one" with MS VC++ 17.6 (VS2022)

END.
